<?xml version="1.0" encoding="UTF-8"?>
<!-- Generated by org.testng.reporters.JUnitXMLReporter -->
<testsuite ignored="0" hostname="ETALAUVARE1" failures="0" tests="3" name="Test Create New Book" time="12.763" errors="0" timestamp="2020-02-06T11:00:12 EET">
  <testcase classname="com.testtask.test.CreateNewBookTestCase" name="testCreateNewBook" time="2.117"/>
  <testcase classname="com.testtask.test.CreateNewBookTestCase" name="testCreateNewBook" time="1.921"/>
  <testcase classname="com.testtask.test.CreateNewBookTestCase" name="testCreateNewBook" time="1.75"/>
</testsuite> <!-- Test Create New Book -->
