<?xml version="1.0" encoding="UTF-8"?>
<testng-results ignored="0" total="4" passed="4" failed="0" skipped="0">
  <reporter-output>
  </reporter-output>
  <suite started-at="2020-02-06T10:59:59 EET" name="Test Task Suite" finished-at="2020-02-06T11:00:20 EET" duration-ms="20988">
    <groups>
    </groups>
    <test started-at="2020-02-06T10:59:59 EET" name="Test Create New Book" finished-at="2020-02-06T11:00:12 EET" duration-ms="12763">
      <class name="com.testtask.test.CreateNewBookTestCase">
        <test-method is-config="true" signature="setUp()[pri:0, instance:com.testtask.test.CreateNewBookTestCase@7995092a]" started-at="2020-02-06T10:59:59 EET" name="setUp" finished-at="2020-02-06T11:00:06 EET" duration-ms="6320" status="PASS">
          <reporter-output>
          </reporter-output>
        </test-method> <!-- setUp -->
        <test-method signature="testCreateNewBook(java.lang.String, java.lang.String, java.lang.String, java.lang.String, boolean, boolean)[pri:0, instance:com.testtask.test.CreateNewBookTestCase@7995092a]" started-at="2020-02-06T11:00:06 EET" name="testCreateNewBook" data-provider="new-book" finished-at="2020-02-06T11:00:08 EET" duration-ms="2117" status="PASS">
          <params>
            <param index="0">
              <value>
                <![CDATA[New Book]]>
              </value>
            </param>
            <param index="1">
              <value>
                <![CDATA[London, Jack]]>
              </value>
            </param>
            <param index="2">
              <value>
                <![CDATA[Quick summary]]>
              </value>
            </param>
            <param index="3">
              <value>
                <![CDATA[ISBN13]]>
              </value>
            </param>
            <param index="4">
              <value>
                <![CDATA[true]]>
              </value>
            </param>
            <param index="5">
              <value>
                <![CDATA[true]]>
              </value>
            </param>
          </params>
          <reporter-output>
          </reporter-output>
        </test-method> <!-- testCreateNewBook -->
        <test-method signature="testCreateNewBook(java.lang.String, java.lang.String, java.lang.String, java.lang.String, boolean, boolean)[pri:0, instance:com.testtask.test.CreateNewBookTestCase@7995092a]" started-at="2020-02-06T11:00:08 EET" name="testCreateNewBook" data-provider="new-book" finished-at="2020-02-06T11:00:10 EET" duration-ms="1921" status="PASS">
          <params>
            <param index="0">
              <value>
                <![CDATA[New Book 2]]>
              </value>
            </param>
            <param index="1">
              <value>
                <![CDATA[King, Stephen]]>
              </value>
            </param>
            <param index="2">
              <value>
                <![CDATA[Summary]]>
              </value>
            </param>
            <param index="3">
              <value>
                <![CDATA[ISBN1]]>
              </value>
            </param>
            <param index="4">
              <value>
                <![CDATA[false]]>
              </value>
            </param>
            <param index="5">
              <value>
                <![CDATA[false]]>
              </value>
            </param>
          </params>
          <reporter-output>
          </reporter-output>
        </test-method> <!-- testCreateNewBook -->
        <test-method signature="testCreateNewBook(java.lang.String, java.lang.String, java.lang.String, java.lang.String, boolean, boolean)[pri:0, instance:com.testtask.test.CreateNewBookTestCase@7995092a]" started-at="2020-02-06T11:00:10 EET" name="testCreateNewBook" data-provider="new-book" finished-at="2020-02-06T11:00:12 EET" duration-ms="1750" status="PASS">
          <params>
            <param index="0">
              <value>
                <![CDATA[New Book 3]]>
              </value>
            </param>
            <param index="1">
              <value>
                <![CDATA[Carroll, Lewis]]>
              </value>
            </param>
            <param index="2">
              <value>
                <![CDATA[Quick]]>
              </value>
            </param>
            <param index="3">
              <value>
                <![CDATA[ISBN]]>
              </value>
            </param>
            <param index="4">
              <value>
                <![CDATA[true]]>
              </value>
            </param>
            <param index="5">
              <value>
                <![CDATA[false]]>
              </value>
            </param>
          </params>
          <reporter-output>
          </reporter-output>
        </test-method> <!-- testCreateNewBook -->
        <test-method is-config="true" signature="tearDown()[pri:0, instance:com.testtask.test.CreateNewBookTestCase@7995092a]" started-at="2020-02-06T11:00:12 EET" name="tearDown" finished-at="2020-02-06T11:00:12 EET" duration-ms="606" status="PASS">
          <reporter-output>
          </reporter-output>
        </test-method> <!-- tearDown -->
      </class> <!-- com.testtask.test.CreateNewBookTestCase -->
    </test> <!-- Test Create New Book -->
    <test started-at="2020-02-06T11:00:12 EET" name="Test New Book Exists In Catalog" finished-at="2020-02-06T11:00:20 EET" duration-ms="8096">
      <class name="com.testtask.test.NewBookExistsInCatalogueTestCase">
        <test-method is-config="true" signature="setUp()[pri:0, instance:com.testtask.test.NewBookExistsInCatalogueTestCase@29176cc1]" started-at="2020-02-06T11:00:12 EET" name="setUp" finished-at="2020-02-06T11:00:17 EET" duration-ms="5100" status="PASS">
          <reporter-output>
          </reporter-output>
        </test-method> <!-- setUp -->
        <test-method signature="testNewBookExistsInCatalogue(java.lang.String, java.lang.String, java.lang.String, java.lang.String, boolean, boolean)[pri:0, instance:com.testtask.test.NewBookExistsInCatalogueTestCase@29176cc1]" started-at="2020-02-06T11:00:17 EET" name="testNewBookExistsInCatalogue" data-provider="new-book" finished-at="2020-02-06T11:00:20 EET" duration-ms="2345" status="PASS">
          <params>
            <param index="0">
              <value>
                <![CDATA[My Book]]>
              </value>
            </param>
            <param index="1">
              <value>
                <![CDATA[London, Jack]]>
              </value>
            </param>
            <param index="2">
              <value>
                <![CDATA[Good Book]]>
              </value>
            </param>
            <param index="3">
              <value>
                <![CDATA[10]]>
              </value>
            </param>
            <param index="4">
              <value>
                <![CDATA[true]]>
              </value>
            </param>
            <param index="5">
              <value>
                <![CDATA[true]]>
              </value>
            </param>
          </params>
          <reporter-output>
          </reporter-output>
        </test-method> <!-- testNewBookExistsInCatalogue -->
        <test-method is-config="true" signature="tearDown()[pri:0, instance:com.testtask.test.NewBookExistsInCatalogueTestCase@29176cc1]" started-at="2020-02-06T11:00:20 EET" name="tearDown" finished-at="2020-02-06T11:00:20 EET" duration-ms="649" status="PASS">
          <reporter-output>
          </reporter-output>
        </test-method> <!-- tearDown -->
      </class> <!-- com.testtask.test.NewBookExistsInCatalogueTestCase -->
    </test> <!-- Test New Book Exists In Catalog -->
  </suite> <!-- Test Task Suite -->
</testng-results>
