<?xml version="1.0" encoding="UTF-8"?>
<!-- Generated by org.testng.reporters.JUnitReportReporter -->
<testsuite hostname="ETALAUVARE1" failures="0" tests="3" name="com.testtask.test.CreateNewBookTestCase" time="5.788" errors="0" timestamp="2020-02-06T11:00:21 EET" skipped="0">
  <testcase classname="com.testtask.test.CreateNewBookTestCase" name="testCreateNewBook" time="1.921"/>
  <testcase classname="com.testtask.test.CreateNewBookTestCase" name="testCreateNewBook" time="1.750"/>
  <testcase classname="com.testtask.test.CreateNewBookTestCase" name="testCreateNewBook" time="2.117"/>
</testsuite> <!-- com.testtask.test.CreateNewBookTestCase -->
